2017/07/23 00:29:36 [release] Leaf 1.1.2 starting up
2017/07/23 00:29:57 [debug  ] read message: EOF
2017/07/23 00:46:09 [debug  ] read message: EOF
2017/07/23 00:47:35 [debug  ] read message: EOF
2017/07/23 00:47:45 [debug  ] read message: EOF
2017/07/23 00:57:05 [debug  ] read message: EOF
2017/07/23 00:59:25 [debug  ] read message: EOF
2017/07/23 01:01:40 [debug  ] read message: EOF
2017/07/23 01:03:07 [debug  ] read message: EOF
2017/07/23 01:04:24 [debug  ] read message: EOF
2017/07/23 01:04:38 [debug  ] read message: EOF
2017/07/23 01:05:11 [debug  ] player:5 kicked
2017/07/23 01:05:11 [debug  ] read message: read tcp 127.0.0.1:8890->127.0.0.1:51181: use of closed network connection
2017/07/23 01:06:04 [debug  ] player:5 kicked
2017/07/23 01:06:04 [debug  ] read message: read tcp 127.0.0.1:8890->127.0.0.1:51248: use of closed network connection
2017/07/23 01:06:28 [debug  ] player:5 kicked
2017/07/23 01:06:28 [debug  ] read message: read tcp 127.0.0.1:8890->127.0.0.1:51369: use of closed network connection
2017/07/23 01:10:04 [debug  ] player:5 kicked
2017/07/23 01:10:04 [debug  ] read message: read tcp 127.0.0.1:8890->127.0.0.1:51986: use of closed network connection
2017/07/23 01:14:25 [release] Leaf closing down (signal: interrupt)
2017/07/23 01:14:30 [release] Leaf 1.1.2 starting up
2017/07/23 01:14:37 [release] Leaf closing down (signal: interrupt)
2017/07/23 01:14:37 [debug  ] read message: read tcp 127.0.0.1:8890->127.0.0.1:52714: use of closed network connection
2017/07/23 01:15:43 [release] Leaf 1.1.2 starting up
2017/07/23 01:16:10 [debug  ] player:5 kicked
2017/07/23 01:16:10 [debug  ] read message: read tcp 127.0.0.1:8890->127.0.0.1:52956: use of closed network connection
2017/07/23 01:16:12 [release] Leaf closing down (signal: interrupt)
2017/07/23 01:16:17 [release] Leaf 1.1.2 starting up
2017/07/23 01:16:55 [debug  ] player:5 kicked
2017/07/23 01:16:55 [debug  ] read message: read tcp 127.0.0.1:8890->127.0.0.1:53051: use of closed network connection
2017/07/23 01:24:03 [release] Leaf closing down (signal: interrupt)
2017/07/23 01:24:08 [release] Leaf 1.1.2 starting up
2017/07/23 01:24:31 [debug  ] player:5 kicked
2017/07/23 01:24:31 [debug  ] read message: read tcp 127.0.0.1:8890->127.0.0.1:54252: use of closed network connection
2017/07/23 01:25:22 [release] Leaf closing down (signal: interrupt)
2017/07/23 01:25:28 [release] Leaf 1.1.2 starting up
2017/07/23 01:26:37 [debug  ] read message: EOF
2017/07/23 01:27:33 [debug  ] read message: EOF
2017/07/23 01:56:37 [release] Leaf closing down (signal: interrupt)
2017/07/23 16:02:31 [release] Leaf 1.1.2 starting up
2017/07/23 16:02:31 [error  ] ConfigMgr Start Load D:\Game\server\go\src\xianxia\servers\game\cfg\csv\Advance.csv Read Error:parse field (row=13, col=9) error: strconv.ParseInt: parsing "": invalid syntax
2017/07/23 16:02:40 [error  ] Player::caculateFightInTimeDuration getRegionId:301 empty
2017/07/23 16:02:40 [error  ] Map: 3, Region:301 GetRegionMonsters Config nil
2017/07/23 16:03:36 [debug  ] read message: EOF
2017/07/23 16:04:59 [release] Leaf closing down (signal: interrupt)
2017/07/23 16:05:14 [release] Leaf 1.1.2 starting up
2017/07/23 16:32:26 [debug  ] read message: EOF
2017/07/23 16:46:50 [release] Leaf closing down (signal: interrupt)
2017/07/23 16:46:52 [release] Leaf 1.1.2 starting up
2017/07/23 16:46:52 [error  ] ConfigMgr Start Load D:\Game\server\go\src\xianxia\servers\game\cfg\csv\Skill.csv Read Error:parse field (row=32, col=8) error: strconv.ParseBool: parsing "": invalid syntax
2017/07/23 16:47:14 [release] Leaf closing down (signal: interrupt)
2017/07/23 16:49:47 [release] Leaf 1.1.2 starting up
2017/07/23 16:49:47 [error  ] ConfigMgr Start Load D:\Game\server\go\src\xianxia\servers\game\cfg\csv\Skill.csv Read Error:parse field (row=32, col=8) error: strconv.ParseBool: parsing "": invalid syntax
2017/07/23 16:49:47 [error  ] CMapMgr Instance GetCsv Config nil
2017/07/23 16:50:22 [release] Leaf closing down (signal: interrupt)
2017/07/23 16:50:23 [release] Leaf 1.1.2 starting up
2017/07/23 16:57:45 [debug  ] read message: EOF
2017/07/23 16:59:50 [debug  ] read message: EOF
2017/07/23 17:01:17 [release] Leaf closing down (signal: interrupt)
2017/07/23 17:01:17 [debug  ] read message: read tcp 127.0.0.1:8890->127.0.0.1:63857: use of closed network connection
2017/07/23 17:01:22 [release] Leaf 1.1.2 starting up
2017/07/23 17:05:31 [debug  ] read message: EOF
2017/07/23 17:06:22 [release] Leaf closing down (signal: interrupt)
2017/07/23 17:08:12 [release] Leaf 1.1.2 starting up
2017/07/23 17:12:58 [debug  ] read message: EOF
2017/07/23 17:20:25 [debug  ] read message: EOF
2017/07/23 17:34:00 [release] Leaf closing down (signal: interrupt)
2017/07/23 17:48:10 [release] Leaf 1.1.2 starting up
2017/07/23 17:49:16 [debug  ] read message: EOF
2017/07/23 17:50:01 [debug  ] read message: EOF
2017/07/23 17:52:29 [debug  ] read message: EOF
2017/07/23 18:06:00 [release] Leaf closing down (signal: interrupt)
2017/07/23 18:06:07 [release] Leaf 1.1.2 starting up
2017/07/23 18:06:34 [debug  ] read message: EOF
2017/07/23 18:08:04 [debug  ] read message: EOF
2017/07/23 18:09:11 [debug  ] read message: EOF
2017/07/23 18:10:59 [debug  ] player:9442 kicked
2017/07/23 18:10:59 [debug  ] read message: read tcp 127.0.0.1:8890->127.0.0.1:65445: use of closed network connection
2017/07/23 18:23:10 [release] Leaf closing down (signal: interrupt)
2017/07/23 18:23:15 [release] Leaf 1.1.2 starting up
2017/07/23 18:23:49 [error  ] skill cfg 1#10;2+22 condtion error
2017/07/23 18:23:53 [debug  ] read message: EOF
2017/07/23 18:27:39 [release] Leaf closing down (signal: interrupt)
2017/07/23 18:27:40 [release] Leaf 1.1.2 starting up
2017/07/23 18:29:29 [debug  ] read message: EOF
2017/07/23 18:30:21 [debug  ] read message: EOF
2017/07/23 19:38:37 [debug  ] read message: EOF
2017/07/23 19:44:26 [debug  ] read message: EOF
2017/07/23 22:21:05 [debug  ] read message: EOF
2017/07/23 22:22:04 [debug  ] read message: EOF
2017/07/23 22:25:55 [debug  ] read message: EOF
2017/07/23 22:26:48 [debug  ] read message: EOF
2017/07/23 22:40:31 [debug  ] player:9442 kicked
2017/07/23 22:40:31 [debug  ] read message: read tcp 127.0.0.1:8890->127.0.0.1:52438: use of closed network connection
2017/07/23 22:42:10 [debug  ] read message: EOF
2017/07/23 22:49:15 [debug  ] read message: EOF
2017/07/23 22:50:41 [debug  ] read message: EOF
2017/07/23 22:51:33 [debug  ] read message: EOF
2017/07/23 22:54:45 [debug  ] read message: EOF
2017/07/23 22:55:34 [debug  ] read message: EOF
2017/07/23 22:56:47 [debug  ] read message: EOF
2017/07/23 23:02:52 [debug  ] read message: EOF
2017/07/23 23:03:59 [debug  ] read message: EOF
2017/07/23 23:05:13 [debug  ] read message: EOF
2017/07/23 23:06:11 [debug  ] read message: EOF
2017/07/23 23:07:08 [debug  ] player:9442 kicked
2017/07/23 23:07:08 [debug  ] read message: read tcp 127.0.0.1:8890->127.0.0.1:52856: use of closed network connection
2017/07/23 23:07:44 [debug  ] read message: EOF
2017/07/23 23:09:37 [debug  ] read message: EOF
2017/07/23 23:11:48 [debug  ] read message: EOF
2017/07/24 14:21:40 [debug  ] read message: EOF
2017/07/24 14:25:50 [debug  ] read message: EOF
2017/07/24 14:27:16 [debug  ] read message: EOF
2017/07/24 14:36:52 [debug  ] read message: EOF
2017/07/24 14:39:18 [debug  ] read message: EOF
2017/07/24 14:40:56 [debug  ] read message: EOF
2017/07/24 14:41:34 [debug  ] read message: EOF
2017/07/24 14:42:24 [debug  ] read message: EOF
2017/07/24 14:43:28 [debug  ] read message: EOF
2017/07/24 14:44:32 [debug  ] read message: EOF
2017/07/24 14:45:27 [debug  ] read message: EOF
2017/07/24 14:46:33 [debug  ] read message: EOF
2017/07/24 14:47:37 [debug  ] read message: EOF
2017/07/24 14:48:41 [debug  ] read message: EOF
2017/07/24 14:50:37 [debug  ] read message: EOF
2017/07/24 14:51:44 [debug  ] read message: EOF
2017/07/24 15:32:16 [debug  ] read message: EOF
2017/07/24 15:34:02 [release] Leaf closing down (signal: interrupt)
