2017/04/28 08:51:42 [release] Leaf 1.1.2 starting up
2017/04/28 08:55:42 [release] Leaf closing down (signal: interrupt)
2017/04/28 08:55:45 [release] Leaf 1.1.2 starting up
2017/04/28 08:56:19 [debug  ] read message: EOF
2017/04/28 08:56:30 [release] Leaf closing down (signal: interrupt)
2017/04/28 08:56:48 [release] Leaf 1.1.2 starting up
2017/04/28 09:00:19 [debug  ] read message: EOF
2017/04/28 09:02:24 [debug  ] read message: EOF
2017/04/28 09:03:40 [debug  ] read message: EOF
2017/04/28 09:07:59 [debug  ] read message: EOF
2017/04/28 09:18:45 [release] Leaf closing down (signal: interrupt)
2017/04/28 09:18:45 [debug  ] read message: read tcp 127.0.0.1:8890->127.0.0.1:63621: use of closed network connection
2017/04/28 09:18:50 [release] Leaf 1.1.2 starting up
2017/04/28 09:20:30 [release] Leaf closing down (signal: interrupt)
2017/04/28 09:20:30 [debug  ] read message: read tcp 127.0.0.1:8890->127.0.0.1:63939: use of closed network connection
2017/04/28 09:20:35 [release] Leaf 1.1.2 starting up
2017/04/28 09:22:45 [debug  ] read message: EOF
2017/04/28 09:24:16 [release] Leaf closing down (signal: interrupt)
2017/04/28 09:24:33 [release] Leaf 1.1.2 starting up
2017/04/28 09:25:56 [release] Leaf closing down (signal: interrupt)
2017/04/28 09:25:56 [debug  ] read message: read tcp 127.0.0.1:8890->127.0.0.1:64133: use of closed network connection
2017/04/28 09:26:00 [release] Leaf 1.1.2 starting up
2017/04/28 09:27:26 [release] Leaf closing down (signal: interrupt)
2017/04/28 09:27:26 [debug  ] read message: read tcp 127.0.0.1:8890->127.0.0.1:64193: use of closed network connection
2017/04/28 09:30:51 [release] Leaf 1.1.2 starting up
2017/04/28 09:31:45 [debug  ] read message: EOF
2017/04/28 09:32:29 [debug  ] read message: EOF
2017/04/28 09:32:32 [release] Leaf closing down (signal: interrupt)
2017/04/28 09:32:36 [release] Leaf 1.1.2 starting up
2017/04/28 09:33:09 [debug  ] read message: EOF
2017/04/28 09:35:19 [release] Leaf closing down (signal: interrupt)
2017/04/28 09:36:12 [release] Leaf 1.1.2 starting up
2017/04/28 09:40:07 [debug  ] read message: EOF
2017/04/28 09:40:10 [release] Leaf closing down (signal: interrupt)
2017/04/28 09:40:13 [release] Leaf 1.1.2 starting up
2017/04/28 09:40:29 [debug  ] read message: EOF
2017/04/28 09:50:09 [debug  ] read message: EOF
2017/04/28 09:50:21 [release] Leaf closing down (signal: interrupt)
2017/04/28 18:26:49 [release] Leaf 1.1.2 starting up
2017/04/28 18:27:52 [debug  ] read message: EOF
2017/04/28 18:30:37 [debug  ] read message: EOF
2017/04/28 18:30:37 [error  ] runtime error: invalid memory address or nil pointer dereference: goroutine 7 [running]:
github.com/name5566/leaf/chanrpc.(*Server).exec.func1(0xc04245dd90, 0xc04200fb20, 0xc04256e740)
	D:/Game/server/servers/go/src/github.com/name5566/leaf/chanrpc/chanrpc.go:104 +0xcd
panic(0x6cb260, 0x889fe0)
	C:/go/src/runtime/panic.go:489 +0x2dd
xianxia/servers/game/game/logic/net.(*CConnection).OnClose(0xc04217cfc0)
	D:/Game/server/servers/go/src/xianxia/servers/game/game/logic/net/connection.go:47 +0x92
xianxia/servers/game/game/internal.rpcCloseAgent(0xc042570180, 0x1, 0x1)
	D:/Game/server/servers/go/src/xianxia/servers/game/game/internal/chanrpc.go:27 +0xb2
github.com/name5566/leaf/chanrpc.(*Server).exec(0xc04200fb20, 0xc04256e740, 0x0, 0x0)
	D:/Game/server/servers/go/src/github.com/name5566/leaf/chanrpc/chanrpc.go:117 +0x2eb
github.com/name5566/leaf/chanrpc.(*Server).Exec(0xc04200fb20, 0xc04256e740)
	D:/Game/server/servers/go/src/github.com/name5566/leaf/chanrpc/chanrpc.go:131 +0x40
github.com/name5566/leaf/module.(*Skeleton).Run(0xc042010af0, 0xc0420dd500)
	D:/Game/server/servers/go/src/github.com/name5566/leaf/module/skeleton.go:59 +0x1b5
xianxia/servers/game/game/internal.(*Module).Run(0xc0420040d8, 0xc0420dd500)
	D:/Game/server/servers/go/src/xianxia/servers/game/game/internal/module.go:25 +0x3e
github.com/name5566/leaf/module.run(0xc0421358c0)
	D:/Game/server/servers/go/src/github.com/name5566/leaf/module/module.go:54 +0x43
created by github.com/name5566/leaf/module.Init
	D:/Game/server/servers/go/src/github.com/name5566/leaf/module/module.go:40 +0xbe
2017/04/28 18:30:37 [error  ] chanrpc error: runtime error: invalid memory address or nil pointer dereference
2017/04/28 18:30:58 [debug  ] read message: EOF
2017/04/28 18:31:13 [debug  ] read message: EOF
2017/04/28 18:38:26 [debug  ] read message: EOF
2017/04/28 18:42:51 [debug  ] read message: EOF
2017/04/28 18:43:41 [debug  ] read message: EOF
2017/04/28 18:44:24 [debug  ] read message: EOF
2017/04/28 18:51:15 [debug  ] read message: EOF
2017/04/28 18:56:37 [debug  ] read message: EOF
2017/04/28 18:57:09 [debug  ] read message: EOF
2017/04/28 19:50:05 [debug  ] read message: EOF
2017/04/28 20:01:50 [debug  ] read message: EOF
2017/04/28 20:05:46 [debug  ] read message: EOF
2017/04/28 20:07:42 [debug  ] read message: EOF
2017/04/28 20:08:26 [debug  ] read message: EOF
2017/04/28 20:10:24 [debug  ] read message: EOF
2017/04/28 20:11:21 [debug  ] read message: EOF
2017/04/28 20:19:11 [debug  ] read message: EOF
2017/04/28 20:19:43 [debug  ] read message: EOF
2017/04/28 20:20:09 [debug  ] read message: EOF
2017/04/28 20:21:31 [debug  ] read message: EOF
2017/04/28 20:21:37 [debug  ] read message: EOF
2017/04/28 20:31:28 [debug  ] read message: EOF
2017/04/28 20:33:27 [debug  ] read message: EOF
2017/04/28 20:33:46 [debug  ] read message: EOF
2017/04/28 20:40:59 [debug  ] read message: EOF
2017/04/28 20:41:34 [debug  ] read message: EOF
2017/04/28 20:42:34 [debug  ] read message: EOF
2017/04/28 20:52:32 [debug  ] read message: EOF
2017/04/28 20:53:09 [debug  ] read message: EOF
2017/04/28 20:53:44 [debug  ] read message: EOF
2017/04/28 20:54:59 [debug  ] read message: EOF
2017/04/28 20:57:41 [debug  ] read message: EOF
2017/04/28 20:58:16 [debug  ] read message: EOF
2017/04/28 20:58:34 [debug  ] read message: EOF
2017/04/28 20:58:56 [debug  ] read message: EOF
2017/04/28 21:02:30 [debug  ] read message: EOF
2017/04/28 21:04:42 [debug  ] read message: EOF
2017/04/28 21:06:26 [debug  ] read message: EOF
2017/04/28 21:10:24 [debug  ] read message: EOF
2017/04/28 21:10:44 [debug  ] read message: EOF
2017/04/28 21:11:07 [debug  ] read message: EOF
2017/04/28 21:16:38 [debug  ] read message: EOF
2017/04/28 21:45:59 [debug  ] read message: EOF
2017/04/28 21:46:28 [debug  ] read message: EOF
2017/04/28 21:46:52 [debug  ] read message: EOF
2017/04/28 21:49:54 [debug  ] read message: EOF
2017/04/28 21:51:12 [debug  ] read message: EOF
2017/04/28 21:52:22 [debug  ] read message: EOF
2017/04/28 21:52:37 [debug  ] read message: EOF
2017/04/28 21:53:34 [debug  ] read message: EOF
2017/04/28 21:57:24 [debug  ] read message: EOF
2017/04/28 21:59:34 [debug  ] read message: EOF
2017/04/28 22:14:52 [debug  ] read message: EOF
2017/04/28 22:15:43 [debug  ] read message: EOF
2017/04/28 22:16:46 [debug  ] read message: EOF
2017/04/28 22:18:56 [debug  ] read message: EOF
2017/04/28 22:19:59 [debug  ] read message: EOF
2017/04/28 22:20:32 [debug  ] read message: EOF
2017/04/28 22:21:57 [debug  ] read message: EOF
2017/04/28 22:22:57 [debug  ] read message: EOF
2017/04/28 22:23:12 [debug  ] read message: EOF
2017/04/28 22:24:00 [debug  ] read message: EOF
2017/04/28 22:26:23 [debug  ] read message: EOF
2017/04/28 22:28:25 [debug  ] read message: EOF
2017/04/28 22:29:11 [debug  ] read message: EOF
2017/04/28 22:30:12 [debug  ] read message: EOF
2017/04/28 22:39:58 [debug  ] read message: EOF
2017/04/28 22:40:59 [debug  ] read message: EOF
2017/04/28 22:41:49 [debug  ] read message: EOF
2017/04/28 22:43:32 [debug  ] read message: EOF
2017/04/28 22:45:37 [debug  ] read message: EOF
2017/04/28 22:47:04 [debug  ] read message: EOF
2017/04/28 22:47:36 [debug  ] read message: EOF
2017/04/28 22:48:43 [debug  ] read message: EOF
2017/04/28 22:51:13 [debug  ] read message: EOF
2017/04/28 22:52:51 [debug  ] read message: EOF
2017/04/28 22:55:25 [debug  ] read message: EOF
2017/04/28 22:55:54 [debug  ] read message: EOF
2017/04/28 22:56:07 [debug  ] read message: EOF
2017/04/28 22:56:34 [debug  ] read message: EOF
2017/04/28 22:58:04 [debug  ] read message: EOF
2017/04/28 23:00:14 [debug  ] read message: EOF
2017/04/28 23:00:36 [debug  ] read message: EOF
2017/04/28 23:03:46 [debug  ] read message: EOF
2017/04/28 23:03:47 [debug  ] read message: EOF
2017/04/28 23:05:35 [debug  ] read message: EOF
2017/04/28 23:06:09 [debug  ] read message: EOF
2017/04/28 23:06:26 [debug  ] read message: EOF
2017/04/28 23:06:56 [debug  ] read message: EOF
2017/04/28 23:10:06 [debug  ] read message: EOF
2017/04/28 23:10:58 [debug  ] read message: EOF
2017/04/28 23:12:21 [debug  ] read message: EOF
2017/04/28 23:12:35 [debug  ] read message: EOF
2017/04/28 23:12:35 [error  ] runtime error: invalid memory address or nil pointer dereference: goroutine 7 [running]:
github.com/name5566/leaf/chanrpc.(*Server).exec.func1(0xc04245dd90, 0xc04200fb20, 0xc0421ca280)
	D:/Game/server/servers/go/src/github.com/name5566/leaf/chanrpc/chanrpc.go:104 +0xcd
panic(0x6cb260, 0x889fe0)
	C:/go/src/runtime/panic.go:489 +0x2dd
xianxia/servers/game/game/logic/net.(*CConnection).OnClose(0xc042664960)
	D:/Game/server/servers/go/src/xianxia/servers/game/game/logic/net/connection.go:47 +0x92
xianxia/servers/game/game/internal.rpcCloseAgent(0xc04263a370, 0x1, 0x1)
	D:/Game/server/servers/go/src/xianxia/servers/game/game/internal/chanrpc.go:27 +0xb2
github.com/name5566/leaf/chanrpc.(*Server).exec(0xc04200fb20, 0xc0421ca280, 0x0, 0x0)
	D:/Game/server/servers/go/src/github.com/name5566/leaf/chanrpc/chanrpc.go:117 +0x2eb
github.com/name5566/leaf/chanrpc.(*Server).Exec(0xc04200fb20, 0xc0421ca280)
	D:/Game/server/servers/go/src/github.com/name5566/leaf/chanrpc/chanrpc.go:131 +0x40
github.com/name5566/leaf/module.(*Skeleton).Run(0xc042010af0, 0xc0420dd500)
	D:/Game/server/servers/go/src/github.com/name5566/leaf/module/skeleton.go:59 +0x1b5
xianxia/servers/game/game/internal.(*Module).Run(0xc0420040d8, 0xc0420dd500)
	D:/Game/server/servers/go/src/xianxia/servers/game/game/internal/module.go:25 +0x3e
github.com/name5566/leaf/module.run(0xc0421358c0)
	D:/Game/server/servers/go/src/github.com/name5566/leaf/module/module.go:54 +0x43
created by github.com/name5566/leaf/module.Init
	D:/Game/server/servers/go/src/github.com/name5566/leaf/module/module.go:40 +0xbe
2017/04/28 23:12:35 [error  ] chanrpc error: runtime error: invalid memory address or nil pointer dereference
2017/04/28 23:13:20 [debug  ] read message: EOF
2017/04/28 23:14:45 [debug  ] read message: EOF
2017/04/28 23:16:34 [debug  ] read message: EOF
2017/04/28 23:20:28 [debug  ] read message: EOF
2017/04/28 23:20:52 [debug  ] read message: EOF
2017/04/28 23:21:40 [debug  ] read message: EOF
2017/04/28 23:23:55 [debug  ] read message: EOF
2017/04/28 23:29:52 [debug  ] read message: EOF
2017/04/29 00:05:32 [release] Leaf closing down (signal: interrupt)
2017/04/29 00:05:32 [debug  ] read message: read tcp 127.0.0.1:8890->127.0.0.1:58480: use of closed network connection
